This is pdfTeX, Version 3.141592653-2.6-1.40.24 (MiKTeX 22.1) (preloaded format=pdflatex 2025.5.5)  6 MAY 2025 03:20
entering extended mode
 restricted \write18 enabled.
 file:line:error style messages enabled.
 %&-line parsing enabled.
**./main.tex
(main.tex
LaTeX2e <2024-11-01> patch level 2
L3 programming layer <2025-03-26>
(/Library/Application Support/MiKTeX/texmfs/install/tex/latex/base/article.cls
Document Class: article 2024/06/29 v1.4n Standard LaTeX document class
(/Library/Application Support/MiKTeX/texmfs/install/tex/latex/base/size10.clo
File: size10.clo 2024/06/29 v1.4n Standard LaTeX file (size option)
)
\c@part=\count197
\c@section=\count198
\c@subsection=\count199
\c@subsubsection=\count266
\c@paragraph=\count267
\c@subparagraph=\count268
\c@figure=\count269
\c@table=\count270
\abovecaptionskip=\skip49
\belowcaptionskip=\skip50
\bibindent=\dimen146
)
(/Library/Application Support/MiKTeX/texmfs/install/tex/latex/base/inputenc.sty
Package: inputenc 2024/02/08 v1.3d Input encoding file
\inpenc@prehook=\toks17
\inpenc@posthook=\toks18
)
(/Library/Application Support/MiKTeX/texmfs/install/tex/generic/babel/babel.sty
Package: babel 2025/03/27 v25.6 The multilingual framework for pdfLaTeX, LuaLaT
eX and XeLaTeX
\babel@savecnt=\count271
\U@D=\dimen147
\l@unhyphenated=\language79

(/Library/Application Support/MiKTeX/texmfs/install/tex/generic/babel/txtbabel.
def)
\bbl@readstream=\read2
\bbl@dirlevel=\count272

*************************************
* Local config file bblopts.cfg used
*

(/Library/Application Support/MiKTeX/texmfs/install/tex/latex/arabi/bblopts.cfg
File: bblopts.cfg 2005/09/08 v0.1 add Arabic and Farsi to "declared" options of
 babel
)
(/Users/drakanoy/Library/Application Support/MiKTeX/texmfs/install/tex/latex/ba
bel-russian/russianb.ldf
File: russianb.ldf 2021/01/10 1.3m Russian support for the Babel system
Language: russian 2020/09/09 1.3k Russian support for the Babel system


Package babel Warning: No Cyrillic font encoding has been loaded so far.
(babel)                A font encoding should be declared before babel.
(babel)                Default `T2A' encoding will be loaded  on input line 78.



(/Users/drakanoy/Library/Application Support/MiKTeX/texmfs/install/tex/latex/cy
rillic/t2aenc.def
File: t2aenc.def 2023/11/07 v1.0k Cyrillic encoding definition file
Now handling font encoding T2A ...
... processing UTF-8 mapping file for font encoding T2A

(/Library/Application Support/MiKTeX/texmfs/install/tex/latex/base/t2aenc.dfu
File: t2aenc.dfu 2022/06/07 v1.3c UTF-8 support
   defining Unicode char U+00A4 (decimal 164)
   defining Unicode char U+00A7 (decimal 167)
   defining Unicode char U+00AB (decimal 171)
   defining Unicode char U+00BB (decimal 187)
   defining Unicode char U+0131 (decimal 305)
   defining Unicode char U+0237 (decimal 567)
   defining Unicode char U+0400 (decimal 1024)
   defining Unicode char U+0401 (decimal 1025)
   defining Unicode char U+0402 (decimal 1026)
   defining Unicode char U+0403 (decimal 1027)
   defining Unicode char U+0404 (decimal 1028)
   defining Unicode char U+0405 (decimal 1029)
   defining Unicode char U+0406 (decimal 1030)
   defining Unicode char U+0407 (decimal 1031)
   defining Unicode char U+0408 (decimal 1032)
   defining Unicode char U+0409 (decimal 1033)
   defining Unicode char U+040A (decimal 1034)
   defining Unicode char U+040B (decimal 1035)
   defining Unicode char U+040C (decimal 1036)
   defining Unicode char U+040D (decimal 1037)
   defining Unicode char U+040E (decimal 1038)
   defining Unicode char U+040F (decimal 1039)
   defining Unicode char U+0410 (decimal 1040)
   defining Unicode char U+0411 (decimal 1041)
   defining Unicode char U+0412 (decimal 1042)
   defining Unicode char U+0413 (decimal 1043)
   defining Unicode char U+0414 (decimal 1044)
   defining Unicode char U+0415 (decimal 1045)
   defining Unicode char U+0416 (decimal 1046)
   defining Unicode char U+0417 (decimal 1047)
   defining Unicode char U+0418 (decimal 1048)
   defining Unicode char U+0419 (decimal 1049)
   defining Unicode char U+041A (decimal 1050)
   defining Unicode char U+041B (decimal 1051)
   defining Unicode char U+041C (decimal 1052)
   defining Unicode char U+041D (decimal 1053)
   defining Unicode char U+041E (decimal 1054)
   defining Unicode char U+041F (decimal 1055)
   defining Unicode char U+0420 (decimal 1056)
   defining Unicode char U+0421 (decimal 1057)
   defining Unicode char U+0422 (decimal 1058)
   defining Unicode char U+0423 (decimal 1059)
   defining Unicode char U+0424 (decimal 1060)
   defining Unicode char U+0425 (decimal 1061)
   defining Unicode char U+0426 (decimal 1062)
   defining Unicode char U+0427 (decimal 1063)
   defining Unicode char U+0428 (decimal 1064)
   defining Unicode char U+0429 (decimal 1065)
   defining Unicode char U+042A (decimal 1066)
   defining Unicode char U+042B (decimal 1067)
   defining Unicode char U+042C (decimal 1068)
   defining Unicode char U+042D (decimal 1069)
   defining Unicode char U+042E (decimal 1070)
   defining Unicode char U+042F (decimal 1071)
   defining Unicode char U+0430 (decimal 1072)
   defining Unicode char U+0431 (decimal 1073)
   defining Unicode char U+0432 (decimal 1074)
   defining Unicode char U+0433 (decimal 1075)
   defining Unicode char U+0434 (decimal 1076)
   defining Unicode char U+0435 (decimal 1077)
   defining Unicode char U+0436 (decimal 1078)
   defining Unicode char U+0437 (decimal 1079)
   defining Unicode char U+0438 (decimal 1080)
   defining Unicode char U+0439 (decimal 1081)
   defining Unicode char U+043A (decimal 1082)
   defining Unicode char U+043B (decimal 1083)
   defining Unicode char U+043C (decimal 1084)
   defining Unicode char U+043D (decimal 1085)
   defining Unicode char U+043E (decimal 1086)
   defining Unicode char U+043F (decimal 1087)
   defining Unicode char U+0440 (decimal 1088)
   defining Unicode char U+0441 (decimal 1089)
   defining Unicode char U+0442 (decimal 1090)
   defining Unicode char U+0443 (decimal 1091)
   defining Unicode char U+0444 (decimal 1092)
   defining Unicode char U+0445 (decimal 1093)
   defining Unicode char U+0446 (decimal 1094)
   defining Unicode char U+0447 (decimal 1095)
   defining Unicode char U+0448 (decimal 1096)
   defining Unicode char U+0449 (decimal 1097)
   defining Unicode char U+044A (decimal 1098)
   defining Unicode char U+044B (decimal 1099)
   defining Unicode char U+044C (decimal 1100)
   defining Unicode char U+044D (decimal 1101)
   defining Unicode char U+044E (decimal 1102)
   defining Unicode char U+044F (decimal 1103)
   defining Unicode char U+0450 (decimal 1104)
   defining Unicode char U+0451 (decimal 1105)
   defining Unicode char U+0452 (decimal 1106)
   defining Unicode char U+0453 (decimal 1107)
   defining Unicode char U+0454 (decimal 1108)
   defining Unicode char U+0455 (decimal 1109)
   defining Unicode char U+0456 (decimal 1110)
   defining Unicode char U+0457 (decimal 1111)
   defining Unicode char U+0458 (decimal 1112)
   defining Unicode char U+0459 (decimal 1113)
   defining Unicode char U+045A (decimal 1114)
   defining Unicode char U+045B (decimal 1115)
   defining Unicode char U+045C (decimal 1116)
   defining Unicode char U+045D (decimal 1117)
   defining Unicode char U+045E (decimal 1118)
   defining Unicode char U+045F (decimal 1119)
   defining Unicode char U+0490 (decimal 1168)
   defining Unicode char U+0491 (decimal 1169)
   defining Unicode char U+0492 (decimal 1170)
   defining Unicode char U+0493 (decimal 1171)
   defining Unicode char U+0496 (decimal 1174)
   defining Unicode char U+0497 (decimal 1175)
   defining Unicode char U+0498 (decimal 1176)
   defining Unicode char U+0499 (decimal 1177)
   defining Unicode char U+049A (decimal 1178)
   defining Unicode char U+049B (decimal 1179)
   defining Unicode char U+049C (decimal 1180)
   defining Unicode char U+049D (decimal 1181)
   defining Unicode char U+04A0 (decimal 1184)
   defining Unicode char U+04A1 (decimal 1185)
   defining Unicode char U+04A2 (decimal 1186)
   defining Unicode char U+04A3 (decimal 1187)
   defining Unicode char U+04A4 (decimal 1188)
   defining Unicode char U+04A5 (decimal 1189)
   defining Unicode char U+04AA (decimal 1194)
   defining Unicode char U+04AB (decimal 1195)
   defining Unicode char U+04AE (decimal 1198)
   defining Unicode char U+04AF (decimal 1199)
   defining Unicode char U+04B0 (decimal 1200)
   defining Unicode char U+04B1 (decimal 1201)
   defining Unicode char U+04B2 (decimal 1202)
   defining Unicode char U+04B3 (decimal 1203)
   defining Unicode char U+04B6 (decimal 1206)
   defining Unicode char U+04B7 (decimal 1207)
   defining Unicode char U+04B8 (decimal 1208)
   defining Unicode char U+04B9 (decimal 1209)
   defining Unicode char U+04BA (decimal 1210)
   defining Unicode char U+04BB (decimal 1211)
   defining Unicode char U+04C0 (decimal 1216)
   defining Unicode char U+04C1 (decimal 1217)
   defining Unicode char U+04C2 (decimal 1218)
   defining Unicode char U+04D0 (decimal 1232)
   defining Unicode char U+04D1 (decimal 1233)
   defining Unicode char U+04D2 (decimal 1234)
   defining Unicode char U+04D3 (decimal 1235)
   defining Unicode char U+04D4 (decimal 1236)
   defining Unicode char U+04D5 (decimal 1237)
   defining Unicode char U+04D6 (decimal 1238)
   defining Unicode char U+04D7 (decimal 1239)
   defining Unicode char U+04D8 (decimal 1240)
   defining Unicode char U+04D9 (decimal 1241)
   defining Unicode char U+04DA (decimal 1242)
   defining Unicode char U+04DB (decimal 1243)
   defining Unicode char U+04DC (decimal 1244)
   defining Unicode char U+04DD (decimal 1245)
   defining Unicode char U+04DE (decimal 1246)
   defining Unicode char U+04DF (decimal 1247)
   defining Unicode char U+04E2 (decimal 1250)
   defining Unicode char U+04E3 (decimal 1251)
   defining Unicode char U+04E4 (decimal 1252)
   defining Unicode char U+04E5 (decimal 1253)
   defining Unicode char U+04E6 (decimal 1254)
   defining Unicode char U+04E7 (decimal 1255)
   defining Unicode char U+04E8 (decimal 1256)
   defining Unicode char U+04E9 (decimal 1257)
   defining Unicode char U+04EC (decimal 1260)
   defining Unicode char U+04ED (decimal 1261)
   defining Unicode char U+04EE (decimal 1262)
   defining Unicode char U+04EF (decimal 1263)
   defining Unicode char U+04F0 (decimal 1264)
   defining Unicode char U+04F1 (decimal 1265)
   defining Unicode char U+04F2 (decimal 1266)
   defining Unicode char U+04F3 (decimal 1267)
   defining Unicode char U+04F4 (decimal 1268)
   defining Unicode char U+04F5 (decimal 1269)
   defining Unicode char U+04F8 (decimal 1272)
   defining Unicode char U+04F9 (decimal 1273)
   defining Unicode char U+200C (decimal 8204)
   defining Unicode char U+2013 (decimal 8211)
   defining Unicode char U+2014 (decimal 8212)
   defining Unicode char U+2018 (decimal 8216)
   defining Unicode char U+2019 (decimal 8217)
   defining Unicode char U+201C (decimal 8220)
   defining Unicode char U+201D (decimal 8221)
   defining Unicode char U+201E (decimal 8222)
   defining Unicode char U+2030 (decimal 8240)
   defining Unicode char U+2031 (decimal 8241)
   defining Unicode char U+2116 (decimal 8470)
   defining Unicode char U+2329 (decimal 9001)
   defining Unicode char U+3008 (decimal 12296)
   defining Unicode char U+232A (decimal 9002)
   defining Unicode char U+3009 (decimal 12297)
   defining Unicode char U+2423 (decimal 9251)
   defining Unicode char U+27E8 (decimal 10216)
   defining Unicode char U+27E9 (decimal 10217)
   defining Unicode char U+FB00 (decimal 64256)
   defining Unicode char U+FB01 (decimal 64257)
   defining Unicode char U+FB02 (decimal 64258)
   defining Unicode char U+FB03 (decimal 64259)
   defining Unicode char U+FB04 (decimal 64260)
   defining Unicode char U+FB05 (decimal 64261)
   defining Unicode char U+FB06 (decimal 64262)
))
Package babel Info: Making " an active character on input line 124.
Package babel Info: Default for \cyrdash is provided on input line 163.
))
(/Library/Application Support/MiKTeX/texmfs/install/tex/generic/babel/locale/ru
/babel-russian.tex
Package babel Info: Importing font and identification data for russian
(babel)             from babel-ru.ini. Reported on input line 11.
)
(/Library/Application Support/MiKTeX/texmfs/install/tex/latex/amsmath/amsmath.s
ty
Package: amsmath 2024/11/05 v2.17t AMS math features
\@mathmargin=\skip51

For additional information on amsmath, use the `?' option.

(/Library/Application Support/MiKTeX/texmfs/install/tex/latex/amsmath/amstext.s
ty
Package: amstext 2021/08/26 v2.01 AMS text

(/Library/Application Support/MiKTeX/texmfs/install/tex/latex/amsmath/amsgen.st
y
File: amsgen.sty 1999/11/30 v2.0 generic functions
\@emptytoks=\toks19
\ex@=\dimen148
))
(/Library/Application Support/MiKTeX/texmfs/install/tex/latex/amsmath/amsbsy.st
y
Package: amsbsy 1999/11/29 v1.2d Bold Symbols
\pmbraise@=\dimen149
)
(/Library/Application Support/MiKTeX/texmfs/install/tex/latex/amsmath/amsopn.st
y
Package: amsopn 2022/04/08 v2.04 operator names
)
\inf@bad=\count273
LaTeX Info: Redefining \frac on input line 233.
\uproot@=\count274
\leftroot@=\count275
LaTeX Info: Redefining \overline on input line 398.
LaTeX Info: Redefining \colon on input line 409.
\classnum@=\count276
\DOTSCASE@=\count277
LaTeX Info: Redefining \ldots on input line 495.
LaTeX Info: Redefining \dots on input line 498.
LaTeX Info: Redefining \cdots on input line 619.
\Mathstrutbox@=\box53
\strutbox@=\box54
LaTeX Info: Redefining \big on input line 721.
LaTeX Info: Redefining \Big on input line 722.
LaTeX Info: Redefining \bigg on input line 723.
LaTeX Info: Redefining \Bigg on input line 724.
\big@size=\dimen150
LaTeX Font Info:    Redeclaring font encoding OML on input line 742.
LaTeX Font Info:    Redeclaring font encoding OMS on input line 743.
\macc@depth=\count278
LaTeX Info: Redefining \bmod on input line 904.
LaTeX Info: Redefining \pmod on input line 909.
LaTeX Info: Redefining \smash on input line 939.
LaTeX Info: Redefining \relbar on input line 969.
LaTeX Info: Redefining \Relbar on input line 970.
\c@MaxMatrixCols=\count279
\dotsspace@=\muskip17
\c@parentequation=\count280
\dspbrk@lvl=\count281
\tag@help=\toks20
\row@=\count282
\column@=\count283
\maxfields@=\count284
\andhelp@=\toks21
\eqnshift@=\dimen151
\alignsep@=\dimen152
\tagshift@=\dimen153
\tagwidth@=\dimen154
\totwidth@=\dimen155
\lineht@=\dimen156
\@envbody=\toks22
\multlinegap=\skip52
\multlinetaggap=\skip53
\mathdisplay@stack=\toks23
LaTeX Info: Redefining \[ on input line 2953.
LaTeX Info: Redefining \] on input line 2954.
)
(/Library/Application Support/MiKTeX/texmfs/install/tex/latex/amsfonts/amssymb.
sty
Package: amssymb 2013/01/14 v3.01 AMS font symbols

(/Library/Application Support/MiKTeX/texmfs/install/tex/latex/amsfonts/amsfonts
.sty
Package: amsfonts 2013/01/14 v3.01 Basic AMSFonts support
\symAMSa=\mathgroup4
\symAMSb=\mathgroup5
LaTeX Font Info:    Redeclaring math symbol \hbar on input line 98.
LaTeX Font Info:    Overwriting math alphabet `\mathfrak' in version `bold'
(Font)                  U/euf/m/n --> U/euf/b/n on input line 106.
))
(/Library/Application Support/MiKTeX/texmfs/install/tex/latex/base/textcomp.sty
Package: textcomp 2024/04/24 v2.1b Standard LaTeX package
)
(/Library/Application Support/MiKTeX/texmfs/install/tex/latex/l3backend/l3backe
nd-pdftex.def
File: l3backend-pdftex.def 2025-03-14 L3 backend support: PDF output (pdfTeX)
\l__color_backend_stack_int=\count285
) (/Users/drakanoy/PycharmProjects/laby_fizika/auxil/main.aux
LaTeX Font Info:    Trying to load font information for T2A+cmr on input line 5
.

(/Users/drakanoy/Library/Application Support/MiKTeX/texmfs/install/tex/latex/cy
rillic/t2acmr.fd
File: t2acmr.fd 2001/08/11 v1.0a Computer Modern Cyrillic font definitions
)
Package babel Info: 'russian' activates 'russian' shorthands.
(babel)             Reported  on input line 5.
)
\openout1 = `main.aux'.

LaTeX Font Info:    Checking defaults for OML/cmm/m/it on input line 9.
LaTeX Font Info:    ... okay on input line 9.
LaTeX Font Info:    Checking defaults for OMS/cmsy/m/n on input line 9.
LaTeX Font Info:    ... okay on input line 9.
LaTeX Font Info:    Checking defaults for OT1/cmr/m/n on input line 9.
LaTeX Font Info:    ... okay on input line 9.
LaTeX Font Info:    Checking defaults for T1/cmr/m/n on input line 9.
LaTeX Font Info:    ... okay on input line 9.
LaTeX Font Info:    Checking defaults for TS1/cmr/m/n on input line 9.
LaTeX Font Info:    ... okay on input line 9.
LaTeX Font Info:    Checking defaults for OMX/cmex/m/n on input line 9.
LaTeX Font Info:    ... okay on input line 9.
LaTeX Font Info:    Checking defaults for U/cmr/m/n on input line 9.
LaTeX Font Info:    ... okay on input line 9.
LaTeX Font Info:    Checking defaults for T2A/cmr/m/n on input line 9.
LaTeX Font Info:    ... okay on input line 9.
LaTeX Info: Redefining \th on input line 9.
LaTeX Font Info:    Trying to load font information for U+msa on input line 14.


(/Library/Application Support/MiKTeX/texmfs/install/tex/latex/amsfonts/umsa.fd
File: umsa.fd 2013/01/14 v3.01 AMS symbols A
)
LaTeX Font Info:    Trying to load font information for U+msb on input line 14.

(/Library/Application Support/MiKTeX/texmfs/install/tex/latex/amsfonts/umsb.fd
File: umsb.fd 2013/01/14 v3.01 AMS symbols B
)
Overfull \hbox (24.34967pt too wide) detected at line 42
\OMS/cmsy/m/n/10 r ^^B r ^^B [] \OT1/cmr/m/n/10 = [] [] \OMS/cmsy/m/n/10 ^^@ []
[][]
 []



[1

{/Users/drakanoy/Library/Application Support/MiKTeX/texmfs/data/fonts/map/pdfte
x/pdftex.map}]
Overfull \hbox (21.03291pt too wide) detected at line 108
[]
 []


Overfull \hbox (23.51605pt too wide) detected at line 135
[]
 []


Overfull \hbox (23.30438pt too wide) detected at line 145
[]
 []



[2]
main.tex:199: Undefined control sequence.
l.199 \nabla \cdot \vec{V} = \frac{1}{r^2} \pdv
                                               {r} (r^2 A_{lm} Y_{lm}) = \le...
The control sequence at the end of the top line
of your error message was never \def'ed. If you have
misspelled it (e.g., `\hobx'), type `I' and the correct
spelling (e.g., `I\hbox'). Otherwise just continue,
and I'll forget about whatever was undefined.

main.tex:201: Undefined control sequence.
l.201 ^^d0^^b3^^d0^^b4^^d0^^b5 \( A_{lm}' = \dv
                                               {A_{lm}}{r} \).
The control sequence at the end of the top line
of your error message was never \def'ed. If you have
misspelled it (e.g., `\hobx'), type `I' and the correct
spelling (e.g., `I\hbox'). Otherwise just continue,
and I'll forget about whatever was undefined.

main.tex:205: Undefined control sequence.
l.205 ...a (\nabla \cdot \vec{V}) = \vec{e}_r \pdv
                                                  {r} \left[ \left( \frac{2}...
The control sequence at the end of the top line
of your error message was never \def'ed. If you have
misspelled it (e.g., `\hobx'), type `I' and the correct
spelling (e.g., `I\hbox'). Otherwise just continue,
and I'll forget about whatever was undefined.



[3]
main.tex:233: Undefined control sequence.
l.233 ..._{lm}) = B_{lm} \left( \frac{2}{r} + \pdv
                                                  {r} \right) r \pdv{Y_{lm}}...
The control sequence at the end of the top line
of your error message was never \def'ed. If you have
misspelled it (e.g., `\hobx'), type `I' and the correct
spelling (e.g., `I\hbox'). Otherwise just continue,
and I'll forget about whatever was undefined.

main.tex:233: Undefined control sequence.
l.233 ...eft( \frac{2}{r} + \pdv{r} \right) r \pdv
                                                  {Y_{lm}}{r} + \text{^^d1^^...
The control sequence at the end of the top line
of your error message was never \def'ed. If you have
misspelled it (e.g., `\hobx'), type `I' and the correct
spelling (e.g., `I\hbox'). Otherwise just continue,
and I'll forget about whatever was undefined.



[4]
main.tex:296: Undefined control sequence.
<argument>  \bm 
                {Y}_{\ell m} &= Y_{\ell m}\,\hat {\bm e}_r, & \bm {\Psi }_{\...
l.296 \end{align}
                 
The control sequence at the end of the top line
of your error message was never \def'ed. If you have
misspelled it (e.g., `\hobx'), type `I' and the correct
spelling (e.g., `I\hbox'). Otherwise just continue,
and I'll forget about whatever was undefined.

main.tex:296: Undefined control sequence.
<recently read> \bm 
                    
l.296 \end{align}
                 
The control sequence at the end of the top line
of your error message was never \def'ed. If you have
misspelled it (e.g., `\hobx'), type `I' and the correct
spelling (e.g., `I\hbox'). Otherwise just continue,
and I'll forget about whatever was undefined.

main.tex:296: Undefined control sequence.
<argument> \bm 
               e
l.296 \end{align}
                 
The control sequence at the end of the top line
of your error message was never \def'ed. If you have
misspelled it (e.g., `\hobx'), type `I' and the correct
spelling (e.g., `I\hbox'). Otherwise just continue,
and I'll forget about whatever was undefined.

main.tex:296: Undefined control sequence.
<argument> ...= Y_{\ell m}\,\hat {\bm e}_r, & \bm 
                                                  {\Psi }_{\ell m} &= r\,\na...
l.296 \end{align}
                 
The control sequence at the end of the top line
of your error message was never \def'ed. If you have
misspelled it (e.g., `\hobx'), type `I' and the correct
spelling (e.g., `I\hbox'). Otherwise just continue,
and I'll forget about whatever was undefined.

main.tex:296: Undefined control sequence.
<argument> ...l m} &= r\,\nabla Y_{\ell m}, & \bm 
                                                  {\Phi }_{\ell m} &= \bm r ...
l.296 \end{align}
                 
The control sequence at the end of the top line
of your error message was never \def'ed. If you have
misspelled it (e.g., `\hobx'), type `I' and the correct
spelling (e.g., `I\hbox'). Otherwise just continue,
and I'll forget about whatever was undefined.

main.tex:296: Undefined control sequence.
<argument> ...l m}, & \bm {\Phi }_{\ell m} &= \bm 
                                                  r \times \nabla Y_{\ell m}...
l.296 \end{align}
                 
The control sequence at the end of the top line
of your error message was never \def'ed. If you have
misspelled it (e.g., `\hobx'), type `I' and the correct
spelling (e.g., `I\hbox'). Otherwise just continue,
and I'll forget about whatever was undefined.

main.tex:296: Undefined control sequence.
<argument>  \bm 
                {Y}_{\ell m} &= Y_{\ell m}\,\hat {\bm e}_r, & \bm {\Psi }_{\...
l.296 \end{align}
                 
The control sequence at the end of the top line
of your error message was never \def'ed. If you have
misspelled it (e.g., `\hobx'), type `I' and the correct
spelling (e.g., `I\hbox'). Otherwise just continue,
and I'll forget about whatever was undefined.

main.tex:296: Undefined control sequence.
<recently read> \bm 
                    
l.296 \end{align}
                 
The control sequence at the end of the top line
of your error message was never \def'ed. If you have
misspelled it (e.g., `\hobx'), type `I' and the correct
spelling (e.g., `I\hbox'). Otherwise just continue,
and I'll forget about whatever was undefined.

main.tex:296: Undefined control sequence.
<argument> \bm 
               e
l.296 \end{align}
                 
The control sequence at the end of the top line
of your error message was never \def'ed. If you have
misspelled it (e.g., `\hobx'), type `I' and the correct
spelling (e.g., `I\hbox'). Otherwise just continue,
and I'll forget about whatever was undefined.

main.tex:296: Undefined control sequence.
<argument> ...= Y_{\ell m}\,\hat {\bm e}_r, & \bm 
                                                  {\Psi }_{\ell m} &= r\,\na...
l.296 \end{align}
                 
The control sequence at the end of the top line
of your error message was never \def'ed. If you have
misspelled it (e.g., `\hobx'), type `I' and the correct
spelling (e.g., `I\hbox'). Otherwise just continue,
and I'll forget about whatever was undefined.

main.tex:296: Undefined control sequence.
<argument> ...l m} &= r\,\nabla Y_{\ell m}, & \bm 
                                                  {\Phi }_{\ell m} &= \bm r ...
l.296 \end{align}
                 
The control sequence at the end of the top line
of your error message was never \def'ed. If you have
misspelled it (e.g., `\hobx'), type `I' and the correct
spelling (e.g., `I\hbox'). Otherwise just continue,
and I'll forget about whatever was undefined.

main.tex:296: Undefined control sequence.
<argument> ...l m}, & \bm {\Phi }_{\ell m} &= \bm 
                                                  r \times \nabla Y_{\ell m}...
l.296 \end{align}
                 
The control sequence at the end of the top line
of your error message was never \def'ed. If you have
misspelled it (e.g., `\hobx'), type `I' and the correct
spelling (e.g., `I\hbox'). Otherwise just continue,
and I'll forget about whatever was undefined.

main.tex:305: Undefined control sequence.
<argument>  \nabla \times \bm 
                              {Y}_{\ell m} &= -\frac {1}{r}\,\bm {\Phi }_{\e...
l.305 \end{align}
                 
The control sequence at the end of the top line
of your error message was never \def'ed. If you have
misspelled it (e.g., `\hobx'), type `I' and the correct
spelling (e.g., `I\hbox'). Otherwise just continue,
and I'll forget about whatever was undefined.

main.tex:305: Undefined control sequence.
<argument> ... {Y}_{\ell m} &= -\frac {1}{r}\,\bm 
                                                  {\Phi }_{\ell m}, \\ \nabl...
l.305 \end{align}
                 
The control sequence at the end of the top line
of your error message was never \def'ed. If you have
misspelled it (e.g., `\hobx'), type `I' and the correct
spelling (e.g., `I\hbox'). Otherwise just continue,
and I'll forget about whatever was undefined.

main.tex:305: Undefined control sequence.
<argument> ...hi }_{\ell m}, \\ \nabla \times \bm 
                                                  {\Psi }_{\ell m} &= \frac ...
l.305 \end{align}
                 
The control sequence at the end of the top line
of your error message was never \def'ed. If you have
misspelled it (e.g., `\hobx'), type `I' and the correct
spelling (e.g., `I\hbox'). Otherwise just continue,
and I'll forget about whatever was undefined.

main.tex:305: Undefined control sequence.
<argument> ...Psi }_{\ell m} &= \frac {1}{r}\,\bm 
                                                  {\Phi }_{\ell m}, \\ \nabl...
l.305 \end{align}
                 
The control sequence at the end of the top line
of your error message was never \def'ed. If you have
misspelled it (e.g., `\hobx'), type `I' and the correct
spelling (e.g., `I\hbox'). Otherwise just continue,
and I'll forget about whatever was undefined.

main.tex:305: Undefined control sequence.
<argument> ...hi }_{\ell m}, \\ \nabla \times \bm 
                                                  {\Phi }_{\ell m} &= -\frac...
l.305 \end{align}
                 
The control sequence at the end of the top line
of your error message was never \def'ed. If you have
misspelled it (e.g., `\hobx'), type `I' and the correct
spelling (e.g., `I\hbox'). Otherwise just continue,
and I'll forget about whatever was undefined.

main.tex:305: Undefined control sequence.
<argument> ...ell m} &= -\frac {\lambda }{r}\,\bm 
                                                  {Y}_{\ell m} -\frac {1}{r}...
l.305 \end{align}
                 
The control sequence at the end of the top line
of your error message was never \def'ed. If you have
misspelled it (e.g., `\hobx'), type `I' and the correct
spelling (e.g., `I\hbox'). Otherwise just continue,
and I'll forget about whatever was undefined.

main.tex:305: Undefined control sequence.
<argument> ...\bm {Y}_{\ell m} -\frac {1}{r}\,\bm 
                                                  {\Psi }_{\ell m}. 
l.305 \end{align}
                 
The control sequence at the end of the top line
of your error message was never \def'ed. If you have
misspelled it (e.g., `\hobx'), type `I' and the correct
spelling (e.g., `I\hbox'). Otherwise just continue,
and I'll forget about whatever was undefined.

main.tex:305: Undefined control sequence.
<argument>  \nabla \times \bm 
                              {Y}_{\ell m} &= -\frac {1}{r}\,\bm {\Phi }_{\e...
l.305 \end{align}
                 
The control sequence at the end of the top line
of your error message was never \def'ed. If you have
misspelled it (e.g., `\hobx'), type `I' and the correct
spelling (e.g., `I\hbox'). Otherwise just continue,
and I'll forget about whatever was undefined.

main.tex:305: Undefined control sequence.
<argument> ... {Y}_{\ell m} &= -\frac {1}{r}\,\bm 
                                                  {\Phi }_{\ell m}, \\ \nabl...
l.305 \end{align}
                 
The control sequence at the end of the top line
of your error message was never \def'ed. If you have
misspelled it (e.g., `\hobx'), type `I' and the correct
spelling (e.g., `I\hbox'). Otherwise just continue,
and I'll forget about whatever was undefined.

main.tex:305: Undefined control sequence.
<argument> ...hi }_{\ell m}, \\ \nabla \times \bm 
                                                  {\Psi }_{\ell m} &= \frac ...
l.305 \end{align}
                 
The control sequence at the end of the top line
of your error message was never \def'ed. If you have
misspelled it (e.g., `\hobx'), type `I' and the correct
spelling (e.g., `I\hbox'). Otherwise just continue,
and I'll forget about whatever was undefined.

main.tex:305: Undefined control sequence.
<argument> ...Psi }_{\ell m} &= \frac {1}{r}\,\bm 
                                                  {\Phi }_{\ell m}, \\ \nabl...
l.305 \end{align}
                 
The control sequence at the end of the top line
of your error message was never \def'ed. If you have
misspelled it (e.g., `\hobx'), type `I' and the correct
spelling (e.g., `I\hbox'). Otherwise just continue,
and I'll forget about whatever was undefined.

main.tex:305: Undefined control sequence.
<argument> ...hi }_{\ell m}, \\ \nabla \times \bm 
                                                  {\Phi }_{\ell m} &= -\frac...
l.305 \end{align}
                 
The control sequence at the end of the top line
of your error message was never \def'ed. If you have
misspelled it (e.g., `\hobx'), type `I' and the correct
spelling (e.g., `I\hbox'). Otherwise just continue,
and I'll forget about whatever was undefined.

main.tex:305: Undefined control sequence.
<argument> ...ell m} &= -\frac {\lambda }{r}\,\bm 
                                                  {Y}_{\ell m} -\frac {1}{r}...
l.305 \end{align}
                 
The control sequence at the end of the top line
of your error message was never \def'ed. If you have
misspelled it (e.g., `\hobx'), type `I' and the correct
spelling (e.g., `I\hbox'). Otherwise just continue,
and I'll forget about whatever was undefined.

main.tex:305: Undefined control sequence.
<argument> ...\bm {Y}_{\ell m} -\frac {1}{r}\,\bm 
                                                  {\Psi }_{\ell m}. 
l.305 \end{align}
                 
The control sequence at the end of the top line
of your error message was never \def'ed. If you have
misspelled it (e.g., `\hobx'), type `I' and the correct
spelling (e.g., `I\hbox'). Otherwise just continue,
and I'll forget about whatever was undefined.

main.tex:311: Undefined control sequence.
\@svsechd ...mes \nabla \times \!\bigl [A(r)\,\bm 
                                                  {Y}_{\ell m}\bigr ]\).}\cs...
l.311 \begin{equation}
                      
The control sequence at the end of the top line
of your error message was never \def'ed. If you have
misspelled it (e.g., `\hobx'), type `I' and the correct
spelling (e.g., `I\hbox'). Otherwise just continue,
and I'll forget about whatever was undefined.

main.tex:311: Undefined control sequence.
<argument> ...es \nabla \times \!\bigl [A(r)\,\bm 
                                                  {Y}_{\ell m}\bigr ]\).}{\t...
l.311 \begin{equation}
                      
The control sequence at the end of the top line
of your error message was never \def'ed. If you have
misspelled it (e.g., `\hobx'), type `I' and the correct
spelling (e.g., `I\hbox'). Otherwise just continue,
and I'll forget about whatever was undefined.

main.tex:312: Undefined control sequence.
l.312 \nabla\times\nabla\times\!\bigl[A(r)\,\bm
                                               {Y}_{\ell m}\bigr]
The control sequence at the end of the top line
of your error message was never \def'ed. If you have
misspelled it (e.g., `\hobx'), type `I' and the correct
spelling (e.g., `I\hbox'). Otherwise just continue,
and I'll forget about whatever was undefined.

main.tex:313: Undefined control sequence.
l.313   = -\frac{\lambda\,A(r)}{r^{2}}\;\bm
                                           {Y}_{\ell m}
The control sequence at the end of the top line
of your error message was never \def'ed. If you have
misspelled it (e.g., `\hobx'), type `I' and the correct
spelling (e.g., `I\hbox'). Otherwise just continue,
and I'll forget about whatever was undefined.

main.tex:314: Undefined control sequence.
l.314     +\frac{A'(r)}{r}\;\bm
                               {\Psi}_{\ell m}.
The control sequence at the end of the top line
of your error message was never \def'ed. If you have
misspelled it (e.g., `\hobx'), type `I' and the correct
spelling (e.g., `I\hbox'). Otherwise just continue,
and I'll forget about whatever was undefined.

main.tex:319: Undefined control sequence.
\@svsechd ...mes \nabla \times \!\bigl [B(r)\,\bm 
                                                  {\Psi }_{\ell m}\bigr ]\)....
l.319 \begin{equation}
                      
The control sequence at the end of the top line
of your error message was never \def'ed. If you have
misspelled it (e.g., `\hobx'), type `I' and the correct
spelling (e.g., `I\hbox'). Otherwise just continue,
and I'll forget about whatever was undefined.

main.tex:319: Undefined control sequence.
<argument> ...es \nabla \times \!\bigl [B(r)\,\bm 
                                                  {\Psi }_{\ell m}\bigr ]\)....
l.319 \begin{equation}
                      
The control sequence at the end of the top line
of your error message was never \def'ed. If you have
misspelled it (e.g., `\hobx'), type `I' and the correct
spelling (e.g., `I\hbox'). Otherwise just continue,
and I'll forget about whatever was undefined.

main.tex:320: Undefined control sequence.
l.320 \nabla\times\nabla\times\!\bigl[B(r)\,\bm
                                               {\Psi}_{\ell m}\bigr]
The control sequence at the end of the top line
of your error message was never \def'ed. If you have
misspelled it (e.g., `\hobx'), type `I' and the correct
spelling (e.g., `I\hbox'). Otherwise just continue,
and I'll forget about whatever was undefined.

main.tex:321: Undefined control sequence.
l.321 ...{r}\!\left(B'(r)+\frac{B(r)}{r}\right)\bm
                                                  {Y}_{\ell m}
The control sequence at the end of the top line
of your error message was never \def'ed. If you have
misspelled it (e.g., `\hobx'), type `I' and the correct
spelling (e.g., `I\hbox'). Otherwise just continue,
and I'll forget about whatever was undefined.

main.tex:322: Undefined control sequence.
l.322     -\left(B''(r)+\frac{2B'(r)}{r}\right)\bm
                                                  {\Psi}_{\ell m}.
The control sequence at the end of the top line
of your error message was never \def'ed. If you have
misspelled it (e.g., `\hobx'), type `I' and the correct
spelling (e.g., `I\hbox'). Otherwise just continue,
and I'll forget about whatever was undefined.



[5]
main.tex:327: Undefined control sequence.
\@svsechd ...mes \nabla \times \!\bigl [C(r)\,\bm 
                                                  {\Phi }_{\ell m}\bigr ]\)....
l.327 \begin{equation}
                      
The control sequence at the end of the top line
of your error message was never \def'ed. If you have
misspelled it (e.g., `\hobx'), type `I' and the correct
spelling (e.g., `I\hbox'). Otherwise just continue,
and I'll forget about whatever was undefined.

main.tex:327: Undefined control sequence.
<argument> ...es \nabla \times \!\bigl [C(r)\,\bm 
                                                  {\Phi }_{\ell m}\bigr ]\)....
l.327 \begin{equation}
                      
The control sequence at the end of the top line
of your error message was never \def'ed. If you have
misspelled it (e.g., `\hobx'), type `I' and the correct
spelling (e.g., `I\hbox'). Otherwise just continue,
and I'll forget about whatever was undefined.

main.tex:328: Undefined control sequence.
l.328 \nabla\times\nabla\times\!\bigl[C(r)\,\bm
                                               {\Phi}_{\ell m}\bigr]
The control sequence at the end of the top line
of your error message was never \def'ed. If you have
misspelled it (e.g., `\hobx'), type `I' and the correct
spelling (e.g., `I\hbox'). Otherwise just continue,
and I'll forget about whatever was undefined.

main.tex:330: Undefined control sequence.
l.330          -C''(r)-\frac{2C'(r)}{r}\right)\bm
                                                 {\Phi}_{\ell m}.
The control sequence at the end of the top line
of your error message was never \def'ed. If you have
misspelled it (e.g., `\hobx'), type `I' and the correct
spelling (e.g., `I\hbox'). Otherwise just continue,
and I'll forget about whatever was undefined.

main.tex:337: Undefined control sequence.
l.337 ... & \bigl(\nabla\times\nabla\times[C(r)\bm
                                                  {\Phi}_{1m}]\bigr) \\
The control sequence at the end of the top line
of your error message was never \def'ed. If you have
misspelled it (e.g., `\hobx'), type `I' and the correct
spelling (e.g., `I\hbox'). Otherwise just continue,
and I'll forget about whatever was undefined.

main.tex:339: Undefined control sequence.
l.339 \text{const} & \dfrac{2}{r^{2}}\bm
                                        {\Phi}_{1m} \\
The control sequence at the end of the top line
of your error message was never \def'ed. If you have
misspelled it (e.g., `\hobx'), type `I' and the correct
spelling (e.g., `I\hbox'). Otherwise just continue,
and I'll forget about whatever was undefined.

main.tex:341: Undefined control sequence.
l.341 r^{2}        & -4\,\bm
                            {\Phi}_{1m}
The control sequence at the end of the top line
of your error message was never \def'ed. If you have
misspelled it (e.g., `\hobx'), type `I' and the correct
spelling (e.g., `I\hbox'). Otherwise just continue,
and I'll forget about whatever was undefined.



[6] (/Users/drakanoy/PycharmProjects/laby_fizika/auxil/main.aux)
 ***********
LaTeX2e <2024-11-01> patch level 2
L3 programming layer <2025-03-26>
 ***********
 ) 
Here is how much of TeX's memory you used:
 3480 strings out of 469964
 52518 string characters out of 5467029
 449025 words of memory out of 5000000
 30258 multiletter control sequences out of 15000+600000
 641519 words of font info for 81 fonts, out of 8000000 for 9000
 1141 hyphenation exceptions out of 8191
 56i,11n,65p,503b,196s stack positions out of 10000i,1000n,20000p,200000b,200000s
 </Users/drakanoy/Library/Application Support/MiKTeX/texmfs/data/fonts/pk/ljf
our/lh/lh-t2a/dpi600/labx1000.pk> </Users/drakanoy/Library/Application Support/
MiKTeX/texmfs/data/fonts/pk/ljfour/lh/lh-t2a/dpi600/labx1200.pk> </Users/drakan
oy/Library/Application Support/MiKTeX/texmfs/data/fonts/pk/ljfour/jknappen/ec/d
pi600/tcrm1000.pk> </Users/drakanoy/Library/Application Support/MiKTeX/texmfs/d
ata/fonts/pk/ljfour/lh/lh-t2a/dpi600/larm1000.pk> </Users/drakanoy/Library/Appl
ication Support/MiKTeX/texmfs/data/fonts/pk/ljfour/lh/lh-t2a/dpi600/labx1440.pk
></Library/Application Support/MiKTeX/texmfs/install/fonts/type1/public/amsfont
s/cm/cmex10.pfb></Library/Application Support/MiKTeX/texmfs/install/fonts/type1
/public/amsfonts/cm/cmmi10.pfb></Library/Application Support/MiKTeX/texmfs/inst
all/fonts/type1/public/amsfonts/cm/cmmi12.pfb></Library/Application Support/MiK
TeX/texmfs/install/fonts/type1/public/amsfonts/cm/cmmi7.pfb></Library/Applicati
on Support/MiKTeX/texmfs/install/fonts/type1/public/amsfonts/cm/cmmi8.pfb></Lib
rary/Application Support/MiKTeX/texmfs/install/fonts/type1/public/amsfonts/cm/c
mr10.pfb></Library/Application Support/MiKTeX/texmfs/install/fonts/type1/public
/amsfonts/cm/cmr12.pfb></Library/Application Support/MiKTeX/texmfs/install/font
s/type1/public/amsfonts/cm/cmr7.pfb></Library/Application Support/MiKTeX/texmfs
/install/fonts/type1/public/amsfonts/cm/cmsy10.pfb></Library/Application Suppor
t/MiKTeX/texmfs/install/fonts/type1/public/amsfonts/cm/cmsy7.pfb>
Output written on /Users/drakanoy/PycharmProjects/laby_fizika/out/main.pdf (6 p
ages, 171506 bytes).
PDF statistics:
 249 PDF objects out of 1000 (max. 8388607)
 0 named destinations out of 1000 (max. 500000)
 1 words of extra memory for PDF output out of 10000 (max. 10000000)

